d:\faculta\oop projects\exam\exam\x64\debug\vc140.pdb
d:\faculta\oop projects\exam\exam\x64\debug\main.obj
d:\faculta\oop projects\exam\exam\x64\debug\moc_exam.obj
d:\faculta\oop projects\exam\exam\x64\debug\exam.obj
d:\faculta\oop projects\exam\exam\x64\debug\qrc_exam.obj
d:\faculta\oop projects\exam\exam\x64\debug\quiz.obj
d:\faculta\oop projects\exam\exam\x64\debug\participant.obj
d:\faculta\oop projects\exam\exam\x64\debug\moc_controller.obj
d:\faculta\oop projects\exam\exam\x64\debug\exception.obj
d:\faculta\oop projects\exam\exam\x64\debug\controller.obj
d:\faculta\oop projects\exam\exam\generatedfiles\debug\moc_exam.cpp
d:\faculta\oop projects\exam\exam\generatedfiles\ui_exam.h
d:\faculta\oop projects\exam\exam\generatedfiles\qrc_exam.cpp
d:\faculta\oop projects\exam\exam\generatedfiles\ui_controller.h
d:\faculta\oop projects\exam\exam\generatedfiles\debug\moc_controller.cpp
d:\faculta\oop projects\exam\x64\debug\exam.ilk
d:\faculta\oop projects\exam\x64\debug\exam.exe
d:\faculta\oop projects\exam\x64\debug\exam.pdb
d:\faculta\oop projects\exam\exam\x64\debug\exam.tlog\cl.command.1.tlog
d:\faculta\oop projects\exam\exam\x64\debug\exam.tlog\cl.read.1.tlog
d:\faculta\oop projects\exam\exam\x64\debug\exam.tlog\cl.write.1.tlog
d:\faculta\oop projects\exam\exam\x64\debug\exam.tlog\custombuild.command.1.tlog
d:\faculta\oop projects\exam\exam\x64\debug\exam.tlog\custombuild.read.1.tlog
d:\faculta\oop projects\exam\exam\x64\debug\exam.tlog\custombuild.write.1.tlog
d:\faculta\oop projects\exam\exam\x64\debug\exam.tlog\link.command.1.tlog
d:\faculta\oop projects\exam\exam\x64\debug\exam.tlog\link.read.1.tlog
d:\faculta\oop projects\exam\exam\x64\debug\exam.tlog\link.write.1.tlog
